# JRE version: Java(TM) SE Runtime Environment (8.0_251-b08) (build 1.8.0_251-b08)
# Java VM: Java HotSpot(TM) 64-Bit Server VM (25.251-b08 mixed mode windows-amd64 compressed oops)
Heap:
 PSYoungGen      total 106496K, used 68036K [0x0000000780980000, 0x000000078d980000, 0x00000007c0000000)
  eden space 98304K, 69% used [0x0000000780980000,0x0000000784bf1340,0x0000000786980000)
  from space 8192K, 0% used [0x0000000786980000,0x0000000786980000,0x0000000787180000)
  to   space 8192K, 0% used [0x000000078d180000,0x000000078d180000,0x000000078d980000)
 ParOldGen       total 80896K, used 7238K [0x0000000701c00000, 0x0000000706b00000, 0x0000000780980000)
  object space 80896K, 8% used [0x0000000701c00000,0x0000000702311930,0x0000000706b00000)
 Metaspace       used 27470K, capacity 29210K, committed 29440K, reserved 1075200K
  class space    used 3704K, capacity 4040K, committed 4096K, reserved 1048576K
GC Heap History (8 events):
Event: 0.740 GC heap before
{Heap before GC invocations=1 (full 0):
 PSYoungGen      total 57344K, used 49152K [0x0000000780980000, 0x0000000784980000, 0x00000007c0000000)
  eden space 49152K, 100% used [0x0000000780980000,0x0000000783980000,0x0000000783980000)
  from space 8192K, 0% used [0x0000000784180000,0x0000000784180000,0x0000000784980000)
  to   space 8192K, 0% used [0x0000000783980000,0x0000000783980000,0x0000000784180000)
 ParOldGen       total 131072K, used 0K [0x0000000701c00000, 0x0000000709c00000, 0x0000000780980000)
  object space 131072K, 0% used [0x0000000701c00000,0x0000000701c00000,0x0000000709c00000)
 Metaspace       used 14960K, capacity 15414K, committed 15744K, reserved 1062912K
  class space    used 1934K, capacity 2083K, committed 2176K, reserved 1048576K
Event: 0.748 GC heap after
Heap after GC invocations=1 (full 0):
 PSYoungGen      total 57344K, used 8182K [0x0000000780980000, 0x0000000787980000, 0x00000007c0000000)
  eden space 49152K, 0% used [0x0000000780980000,0x0000000780980000,0x0000000783980000)
  from space 8192K, 99% used [0x0000000783980000,0x000000078417d800,0x0000000784180000)
  to   space 8192K, 0% used [0x0000000787180000,0x0000000787180000,0x0000000787980000)
 ParOldGen       total 131072K, used 104K [0x0000000701c00000, 0x0000000709c00000, 0x0000000780980000)
  object space 131072K, 0% used [0x0000000701c00000,0x0000000701c1a210,0x0000000709c00000)
 Metaspace       used 14960K, capacity 15414K, committed 15744K, reserved 1062912K
  class space    used 1934K, capacity 2083K, committed 2176K, reserved 1048576K
}
Event: 1.023 GC heap before
{Heap before GC invocations=2 (full 0):
 PSYoungGen      total 57344K, used 57334K [0x0000000780980000, 0x0000000787980000, 0x00000007c0000000)
  eden space 49152K, 100% used [0x0000000780980000,0x0000000783980000,0x0000000783980000)
  from space 8192K, 99% used [0x0000000783980000,0x000000078417d800,0x0000000784180000)
  to   space 8192K, 0% used [0x0000000787180000,0x0000000787180000,0x0000000787980000)
 ParOldGen       total 131072K, used 104K [0x0000000701c00000, 0x0000000709c00000, 0x0000000780980000)
  object space 131072K, 0% used [0x0000000701c00000,0x0000000701c1a210,0x0000000709c00000)
 Metaspace       used 18464K, capacity 19250K, committed 19328K, reserved 1067008K
  class space    used 2463K, capacity 2677K, committed 2688K, reserved 1048576K
Event: 1.029 GC heap after
Heap after GC invocations=2 (full 0):
 PSYoungGen      total 106496K, used 8171K [0x0000000780980000, 0x0000000787980000, 0x00000007c0000000)
  eden space 98304K, 0% used [0x0000000780980000,0x0000000780980000,0x0000000786980000)
  from space 8192K, 99% used [0x0000000787180000,0x000000078797afe8,0x0000000787980000)
  to   space 8192K, 0% used [0x0000000786980000,0x0000000786980000,0x0000000787180000)
 ParOldGen       total 131072K, used 818K [0x0000000701c00000, 0x0000000709c00000, 0x0000000780980000)
  object space 131072K, 0% used [0x0000000701c00000,0x0000000701ccca98,0x0000000709c00000)
 Metaspace       used 18464K, capacity 19250K, committed 19328K, reserved 1067008K
  class space    used 2463K, capacity 2677K, committed 2688K, reserved 1048576K
}
Event: 1.177 GC heap before
{Heap before GC invocations=3 (full 0):
 PSYoungGen      total 106496K, used 37622K [0x0000000780980000, 0x0000000787980000, 0x00000007c0000000)
  eden space 98304K, 29% used [0x0000000780980000,0x00000007826429e0,0x0000000786980000)
  from space 8192K, 99% used [0x0000000787180000,0x000000078797afe8,0x0000000787980000)
  to   space 8192K, 0% used [0x0000000786980000,0x0000000786980000,0x0000000787180000)
 ParOldGen       total 131072K, used 818K [0x0000000701c00000, 0x0000000709c00000, 0x0000000780980000)
  object space 131072K, 0% used [0x0000000701c00000,0x0000000701ccca98,0x0000000709c00000)
 Metaspace       used 20366K, capacity 21232K, committed 21296K, reserved 1067008K
  class space    used 2728K, capacity 2930K, committed 2944K, reserved 1048576K
Event: 1.183 GC heap after
Heap after GC invocations=3 (full 0):
 PSYoungGen      total 106496K, used 7504K [0x0000000780980000, 0x000000078d980000, 0x00000007c0000000)
  eden space 98304K, 0% used [0x0000000780980000,0x0000000780980000,0x0000000786980000)
  from space 8192K, 91% used [0x0000000786980000,0x00000007870d40c0,0x0000000787180000)
  to   space 8192K, 0% used [0x000000078d180000,0x000000078d180000,0x000000078d980000)
 ParOldGen       total 131072K, used 826K [0x0000000701c00000, 0x0000000709c00000, 0x0000000780980000)
  object space 131072K, 0% used [0x0000000701c00000,0x0000000701ccea98,0x0000000709c00000)
 Metaspace       used 20366K, capacity 21232K, committed 21296K, reserved 1067008K
  class space    used 2728K, capacity 2930K, committed 2944K, reserved 1048576K
}
Event: 1.183 GC heap before
{Heap before GC invocations=4 (full 1):
 PSYoungGen      total 106496K, used 7504K [0x0000000780980000, 0x000000078d980000, 0x00000007c0000000)
  eden space 98304K, 0% used [0x0000000780980000,0x0000000780980000,0x0000000786980000)
  from space 8192K, 91% used [0x0000000786980000,0x00000007870d40c0,0x0000000787180000)
  to   space 8192K, 0% used [0x000000078d180000,0x000000078d180000,0x000000078d980000)
 ParOldGen       total 131072K, used 826K [0x0000000701c00000, 0x0000000709c00000, 0x0000000780980000)
  object space 131072K, 0% used [0x0000000701c00000,0x0000000701ccea98,0x0000000709c00000)
 Metaspace       used 20366K, capacity 21232K, committed 21296K, reserved 1067008K
  class space    used 2728K, capacity 2930K, committed 2944K, reserved 1048576K
Event: 1.206 GC heap after
Heap after GC invocations=4 (full 1):
 PSYoungGen      total 106496K, used 0K [0x0000000780980000, 0x000000078d980000, 0x00000007c0000000)
  eden space 98304K, 0% used [0x0000000780980000,0x0000000780980000,0x0000000786980000)
  from space 8192K, 0% used [0x0000000786980000,0x0000000786980000,0x0000000787180000)
  to   space 8192K, 0% used [0x000000078d180000,0x000000078d180000,0x000000078d980000)
 ParOldGen       total 80896K, used 7238K [0x0000000701c00000, 0x0000000706b00000, 0x0000000780980000)
  object space 80896K, 8% used [0x0000000701c00000,0x0000000702311930,0x0000000706b00000)
 Metaspace       used 20364K, capacity 21226K, committed 21296K, reserved 1067008K
  class space    used 2728K, capacity 2929K, committed 2944K, reserved 1048576K
}

